16,ACK,4,device_one,2017-03-01 08:06:41.963538
16,ACK,1,device_one,2017-03-01 08:24:20.527730
16,ACK,8,device_one,2017-03-01 08:28:11.066204
16,ACK,1,device_one,2017-03-07 18:02:51.523061
36,ACK,6,device_one,192.168.1.124,36698,2017-03-07 18:03:36.677545
36,ACK,6,device_one,192.168.1.124,36698,2017-03-07 18:14:20.577572
16,ACK,1,device_one,2017-03-07 18:16:59.448731
36,ACK,6,device_one,192.168.1.124,36742,2017-03-07 18:17:25.513102
18,ACK,7,device_one,0,2017-03-07 18:17:49.106221
43,ACK,5,device_one,2017-03-07 18:18:41.073038,2017-03-07 18:18:41.073074
18,ACK,7,device_one,1,2017-03-07 18:19:56.352801
16,ACK,1,device_one,2017-03-08 10:12:50.618339
16,ACK,8,device_one,2017-03-08 10:15:52.415001
16,ACK,8,device_one,2017-03-08 10:17:31.812600
18,ACK,2,device_one,0,2017-03-08 10:17:52.368324
43,ACK,5,device_one,2017-03-08 10:18:41.685048,2017-03-08 10:18:41.685087
32,ACK,6,device_one,127.0.0.1,59156,2017-03-08 10:19:25.348808
18,ACK,7,device_one,1,2017-03-08 10:20:00.299953
16,ACK,1,device_one,2017-03-08 10:24:52.615690
16,ACK,3,device_one,2017-03-08 10:26:04.692425
16,ACK,4,device_one,2017-03-08 10:26:16.139298
7,ACK,1,2,2017-03-20 14:20:14.041618
7,ACK,1,2,2017-03-20 14:27:06.426762
12,ACK,1,Aarron,2017-03-20 14:34:38.903788
12,ACK,1,Aarron,2017-03-20 15:15:35.817458
12,ACK,1,Aarron,2017-03-20 15:16:32.714961
12,ACK,1,Aarron,2017-03-20 15:22:49.976710
12,ACK,1,Aarron,2017-03-20 15:43:58.294422
12,ACK,1,Aarron,2017-03-20 15:45:55.185703
12,ACK,1,Aarron,2017-03-20 15:51:36.072315
12,ACK,1,Aarron,2017-03-20 15:52:54.879434
12,ACK,1,Aarron,2017-03-20 15:56:27.775217
12,ACK,1,Aarron,2017-03-20 15:57:50.805336
12,ACK,1,Aarron,2017-03-20 16:01:56.407483
12,ACK,3,Aarron,2017-03-20 16:02:12.433570
12,ACK,1,Aarron,2017-03-20 19:10:17.443936
12,ACK,3,Aarron,2017-03-20 19:10:36.313469
12,ACK,1,Aarron,2017-03-20 19:11:55.758881
12,ACK,1,Aarron,2017-03-20 19:49:17.153196
12,ACK,3,Aarron,2017-03-20 19:49:26.996964
12,ACK,1,Aarron,2017-03-20 20:00:21.053296
12,ACK,1,Aarron,2017-03-20 20:13:24.371977
12,ACK,1,Aarron,2017-03-20 20:16:09.730874
12,ACK,1,Aarron,2017-03-20 20:24:40.184743
12,ACK,3,Aarron,2017-03-20 20:24:55.309794
12,ACK,1,Aarron,2017-03-22 12:24:23.395363
12,ACK,1,Aarron,2017-03-22 16:43:10.596939
12,ACK,3,Aarron,2017-03-22 16:43:20.290603
12,ACK,1,Aarron,2017-03-22 17:26:13.460413
12,ACK,3,Aarron,2017-03-22 17:26:23.899690
12,ACK,1,Aarron,2017-03-22 17:32:26.481000
12,ACK,3,Aarron,2017-03-22 17:32:48.055900
12,ACK,1,Aarron,2017-03-22 19:21:15.728251
12,ACK,3,Aarron,2017-03-22 19:21:35.165549
12,ACK,1,Aarron,2017-03-22 19:27:49.134302
12,ACK,3,Aarron,2017-03-22 19:27:57.399475
12,ACK,1,Aarron,2017-03-22 19:29:08.069402
12,ACK,3,Aarron,2017-03-22 19:29:17.409489
12,ACK,1,Aarron,2017-03-22 19:29:37.013925
12,ACK,3,Aarron,2017-03-22 19:29:43.992392
12,ACK,1,Aarron,2017-03-22 19:42:44.154167
12,ACK,3,Aarron,2017-03-22 19:46:42.592126
12,ACK,1,Aarron,2017-03-22 19:52:01.865358
12,ACK,3,Aarron,2017-03-22 19:52:13.972692
12,ACK,1,Aarron,2017-03-23 21:02:33.768496
28,ACK,6,Aarron,127.0.0.1,59910,2017-03-23 21:02:50.692669
12,ACK,1,Aarron,2017-03-23 21:04:50.967534
28,ACK,6,Aarron,127.0.0.1,59930,2017-03-23 21:05:13.580267
12,ACK,1,Aarron,2017-03-23 21:07:39.598668
28,ACK,6,Aarron,127.0.0.1,59986,2017-03-23 21:09:54.365505
12,ACK,1,Aarron,2017-03-23 21:15:06.857290
28,ACK,6,Aarron,127.0.0.1,60113,2017-03-23 21:15:34.566183
12,ACK,1,Aarron,2017-03-25 10:28:18.462866
28,ACK,6,Aarron,127.0.0.1,50705,2017-03-25 10:28:36.534272
12,ACK,1,Aarron,2017-03-25 10:31:18.705154
12,ACK,1,Aarron,2017-03-25 10:33:07.693307
28,ACK,6,Aarron,127.0.0.1,50778,2017-03-25 10:33:17.516232
12,ACK,1,Aarron,2017-03-25 10:34:47.828781
28,ACK,6,Aarron,127.0.0.1,50825,2017-03-25 10:34:58.666271
12,ACK,1,Aarron,2017-03-25 10:37:06.792465
28,ACK,6,Aarron,127.0.0.1,50850,2017-03-25 10:37:15.393915
12,ACK,1,Aarron,2017-03-25 10:39:00.918338
28,ACK,6,Aarron,127.0.0.1,50885,2017-03-25 10:39:08.937536
12,ACK,1,Aarron,2017-03-25 10:40:16.632177
28,ACK,6,Aarron,127.0.0.1,50890,2017-03-25 10:40:36.403295
12,ACK,3,Aarron,2017-03-25 11:00:07.117950
